
> atlas-v2@0.1.0 test:e2e C:\Users\onkes\Desktop\Atlas\atlas-v2-m9
> playwright test


Running 37 tests using 1 worker

  ok  1 e2e\dev-kit.spec.ts:43:5 › dev-kit renders all 28 inventory sections (3.1s)
  ok  2 e2e\dev-kit.spec.ts:56:5 › dev-kit golden capture at 1440 (2.1s)
  ok  3 e2e\dev-kit.spec.ts:85:5 › fidelity — PillButton (kit all-6-kinds vs O ship card + JJ confirm + L CTAs) (5.5s)
  ok  4 e2e\dev-kit.spec.ts:115:5 › fidelity — Sidebar (kit vs variant E rail) (2.4s)
  ok  5 e2e\dev-kit.spec.ts:126:5 › fidelity — DividedList (kit vs variant E Recent feed) (2.2s)
  ok  6 e2e\dev-kit.spec.ts:139:5 › fidelity — AmberPanel (kit incl. multi-Run form vs variant XX show-once panel) (2.3s)
  ok  7 e2e\dev-kit.spec.ts:152:5 › fidelity — UnderlineInput (kit all validation states vs variant L form) (2.2s)
  ok  8 e2e\dev-kit.spec.ts:165:5 › dev-kit 404s without the dev flag is covered by prod build (see M3); unknown route still 404s (311ms)
  ok  9 e2e\dev-variants.spec.ts:15:5 › index lists every vendored variant (628ms)
  ok 10 e2e\dev-variants.spec.ts:24:5 › every variant key renders (60.0s)
  ok 11 e2e\dev-variants.spec.ts:35:5 › unknown key 404s (397ms)
  ok 12 e2e\dev-variants.spec.ts:45:7 › spot capture — variant E at 1440 (1.0s)
  ok 13 e2e\dev-variants.spec.ts:45:7 › spot capture — variant F at 1440 (962ms)
  ok 14 e2e\dev-variants.spec.ts:45:7 › spot capture — variant G at 1440 (1.0s)
  x  15 e2e\m6-cockpit.spec.ts:103:7 › M6 — shell + Today + inbox over real rows › owner signs up and lands on a fully real Today. (0ms)
  -  16 e2e\m6-cockpit.spec.ts:140:7 › M6 — shell + Today + inbox over real rows › LIVE PROOF — DB writes appear in the open browser without reload
  -  17 e2e\m6-cockpit.spec.ts:216:7 › M6 — shell + Today + inbox over real rows › inbox: real groups, working filters, mark-all-read
  -  18 e2e\m6-cockpit.spec.ts:243:7 › M6 — shell + Today + inbox over real rows › sidebar: expand persists via user_preferences; sign-out is real
  ok 19 e2e\m7-projects.spec.ts:94:7 › M7 — Projects over real rows › owner bootstraps; /projects lists the seeded rows with honest ingest states (4.9s)
  ok 20 e2e\m7-projects.spec.ts:126:7 › M7 — Projects over real rows › LIVE — a project created in the DB appears on the open index without reload (1.9s)
  ok 21 e2e\m7-projects.spec.ts:145:7 › M7 — Projects over real rows › THE CHARTER FLOW — create → ingest(queued) → landing → pin → context (11.0s)
  ok 22 e2e\m7-projects.spec.ts:209:7 › M7 — Projects over real rows › J ready — the Engine-written summary shape renders from seeded rows (4.9s)

  ok 23 e2e\m7-projects.spec.ts:234:7 › M7 — Projects over real rows › P — context curation: add → joins Language; dismiss ✕ removes (2.9s)
  ok 24 e2e\m8-work.spec.ts:113:7 › M8 — the work loop over real rows › owner bootstrap + file a Ticket (S) → real record + filed outbox (5.0s)
  ok 25 e2e\m8-work.spec.ts:176:7 › M8 — the work loop over real rows › triage (I) — keyboard approve moves it to approved + moved outbox (2.8s)
  ok 26 e2e\m8-work.spec.ts:208:7 › M8 — the work loop over real rows › board (G) — right Category, real hints cluster, LIVE PROOF (4.7s)
[WebServer] [browser] A tree hydrated but some attributes of the server rendered HTML didn't match the client properties. This won't be patched up. This can happen if a SSR-ed Client Component used:
[WebServer] 
[WebServer] - A server/client branch `if (typeof window !== 'undefined')`.
[WebServer] - Variable input such as `Date.now()` or `Math.random()` which changes each time it's called.
[WebServer] - Date formatting in a user's locale which doesn't match the server.
[WebServer] - External changing data without sending a snapshot of it along with the HTML.
[WebServer] - Invalid HTML tag nesting.
[WebServer] 
[WebServer] It can also happen if the client has a browser extension installed which messes with the HTML before React loaded.
[WebServer] 
[WebServer] https://react.dev/link/hydration-mismatch
[WebServer] 
[WebServer]   ...
[WebServer]     <ErrorBoundary errorComponent={undefined} errorStyles={undefined} errorScripts={undefined}>
[WebServer]       <LoadingBoundary name="T-410/" loading={null}>
[WebServer]         <HTTPAccessFallbackBoundary notFound={undefined} forbidden={undefined} unauthorized={undefined}>
[WebServer]           <RedirectBoundary>
[WebServer]             <RedirectErrorBoundary router={{...}}>
[WebServer]               <InnerLayoutRouter url="/tickets/T..." tree={[...]} params={{ref:"T-410"}} cacheNode={{rsc:{...}, ...}} ...>
[WebServer]                 <SegmentViewNode type="page" pagePath="(app)/tick...">
[WebServer]                   <SegmentTrieNode>
[WebServer]                   <TicketDetailPage>
[WebServer]                     <main className="flex-1 rel...">
[WebServer]                       <LiveRefresh>
[WebServer]                       <div className="px-16 pt-8...">
[WebServer]                         <div>
[WebServer]                         <aside className="space-y-14">
[WebServer]                           <section>
[WebServer]                             <div>
[WebServer]                             <div>
[WebServer]                             <div>
[WebServer]                             <div>
[WebServer]                             <div className="mt-3 flex ...">
[WebServer]                               <form action={function moveTicketAction}>
[WebServer]                                 <input
[WebServer]                                   type="hidden"
[WebServer]                                   name="ticketId"
[WebServer]                                   value="a4f33671-37aa-4b73-9827-43d61c7f885d"
[WebServer] -                                 style={{caret-color:"transparent"}}
[WebServer]                                 >
[WebServer]                                 <input
[WebServer]                                   type="hidden"
[WebServer]                                   name="ref"
[WebServer]                                   value="T-410"
[WebServer] -                                 style={{caret-color:"transparent"}}
[WebServer]                                 >
[WebServer]                                 <input
[WebServer]                                   type="hidden"
[WebServer]                                   name="from"
[WebServer]                                   value="backlog"
[WebServer] -                                 style={{caret-color:"transparent"}}
[WebServer]                                 >
[WebServer]                                 <input
[WebServer]                                   type="hidden"
[WebServer]                                   name="to"
[WebServer]                                   value="approved"
[WebServer] -                                 style={{caret-color:"transparent"}}
[WebServer]                                 >
[WebServer]                                 ...
[WebServer]                               <form action={function moveTicketAction}>
[WebServer]                                 <input
[WebServer]                                   type="hidden"
[WebServer]                                   name="ticketId"
[WebServer]                                   value="a4f33671-37aa-4b73-9827-43d61c7f885d"
[WebServer] -                                 style={{caret-color:"transparent"}}
[WebServer]                                 >
[WebServer]                                 <input
[WebServer]                                   type="hidden"
[WebServer]                                   name="ref"
[WebServer]                                   value="T-410"
[WebServer] -                                 style={{caret-color:"transparent"}}
[WebServer]                                 >
[WebServer]                                 <input
[WebServer]                                   type="hidden"
[WebServer]                                   name="from"
[WebServer]                                   value="backlog"
[WebServer] -                                 style={{caret-color:"transparent"}}
[WebServer]                                 >
[WebServer]                                 <input
[WebServer]                                   type="hidden"
[WebServer]                                   name="to"
[WebServer]                                   value="declined"
[WebServer] -                                 style={{caret-color:"transparent"}}
[WebServer]                                 >
[WebServer]                                 ...
[WebServer]                           <FeaturedCard>
[WebServer]                             <section className="rounded-2x...">
[WebServer]                               <div>
[WebServer]                               <div>
[WebServer]                               <div>
[WebServer]                               <div className="mt-5">
[WebServer]                                 <form action={function dispatchTicketAction}>
[WebServer]                                   <input
[WebServer]                                     type="hidden"
[WebServer]                                     name="ticketId"
[WebServer]                                     value="a4f33671-37aa-4b73-9827-43d61c7f885d"
[WebServer] -                                   style={{caret-color:"transparent"}}
[WebServer]                                   >
[WebServer]                                   <input
[WebServer]                                     type="hidden"
[WebServer]                                     name="ref"
[WebServer]                                     value="T-410"
[WebServer] -                                   style={{caret-color:"transparent"}}
[WebServer]                                   >
[WebServer]                                   ...
[WebServer]                               ...
[WebServer]                           ...
[WebServer]                 ...
[WebServer]               ...
[WebServer]  

  ok 27 e2e\m8-work.spec.ts:272:7 › M8 — the work loop over real rows › detail (F) — owner move to Backlog + blocked-by edge declaration (4.5s)
warning: in the working copy of 'README.md', LF will be replaced by CRLF the next time Git touches it

  ok 28 e2e\m9-engine.spec.ts:184:7 › M9 — the cockpit is true › owner bootstrap — and the paired bridge is heartbeating (1.3s)
[diag] run R-532: queued
[diag] run R-532: running
[diag] run R-532: needs-input

  x  29 e2e\m9-engine.spec.ts:202:7 › M9 — the cockpit is true › THE LOOP: dispatch → Brief drafted by a Helper Run → stdout streams → needs-input answered from Today (no reload) → review-ready (20.9s)
  -  30 e2e\m9-engine.spec.ts:354:7 › M9 — the cockpit is true › CANCEL: a running Run stopped from Today; the Ticket goes back to approved
  ok 31 e2e\pre-auth.spec.ts:62:7 › owner arc: sign-up → welcome → setup → sign-out → sign-in › guard: signed-out /welcome bounces to /sign-in (413ms)
  ok 32 e2e\pre-auth.spec.ts:68:7 › owner arc: sign-up → welcome → setup → sign-out → sign-in › sign-up with a wrong owner code renders the §2.13 field error (529ms)
  ok 33 e2e\pre-auth.spec.ts:80:7 › owner arc: sign-up → welcome → setup → sign-out → sign-in › owner walkthrough: sign-up → welcome → setup → sign-out → wrong password → sign-in (5.7s)
  ok 34 e2e\pre-auth.spec.ts:130:7 › owner arc: sign-up → welcome → setup → sign-out → sign-in › invite accept: seeded magic link → account → onboarding (5.3s)
  ok 35 e2e\pre-auth.spec.ts:173:7 › public surfaces — render + captures › sign-in at three viewports (632ms)
  ok 36 e2e\pre-auth.spec.ts:179:7 › public surfaces — render + captures › sign-up (owner-code form) at three viewports (710ms)
  ok 37 e2e\pre-auth.spec.ts:186:7 › public surfaces — render + captures › invalid invite token renders the §2.17 page empty state (464ms)


  1) e2e\m6-cockpit.spec.ts:103:7 › M6 — shell + Today + inbox over real rows › owner signs up and lands on a fully real Today. 

    Error: Failed query: delete from "tickets" where "tickets"."id" in ($1, $2)
    params: 4f3fb81c-df77-483a-be87-48c555b51305,23a523aa-1be5-4c66-9723-8473fc874847

      76 |   if (e2eRuns.length) await db.delete(runs).where(inArray(runs.id, e2eRuns.map((r) => r.id)));
      77 |   if (e2eTickets.length) {
    > 78 |     await db.delete(tickets).where(inArray(tickets.id, e2eTickets.map((t) => t.id)));
         |     ^
      79 |   }
      80 |   const e2eMembers = await db
      81 |     .select({ userId: memberships.userId })
        at NeonHttpPreparedQuery.queryWithCache (C:\Users\onkes\Desktop\Atlas\atlas-v2-m9\node_modules\.pnpm\drizzle-orm@0.45.2_@neondatabase+serverless@1.1.0_kysely@0.28.17\node_modules\src\pg-core\session.ts:73:11)
        at cleanupE2ERows (C:\Users\onkes\Desktop\Atlas\atlas-v2-m9\e2e\m6-cockpit.spec.ts:78:5)
        at C:\Users\onkes\Desktop\Atlas\atlas-v2-m9\e2e\m6-cockpit.spec.ts:93:3
    [cause]: NeonDbError: update or delete on table "tickets" violates foreign key constraint "runs_ticket_id_tickets_id_fk" on table "runs"
        at mr.execute (C:\Users\onkes\Desktop\Atlas\atlas-v2-m9\node_modules\.pnpm\@neondatabase+serverless@1.1.0\node_modules\@neondatabase\serverless\index.js:1300:10)
        at NeonHttpPreparedQuery.queryWithCache (C:\Users\onkes\Desktop\Atlas\atlas-v2-m9\node_modules\.pnpm\drizzle-orm@0.45.2_@neondatabase+serverless@1.1.0_kysely@0.28.17\node_modules\src\pg-core\session.ts:71:12)
        at cleanupE2ERows (C:\Users\onkes\Desktop\Atlas\atlas-v2-m9\e2e\m6-cockpit.spec.ts:78:5)
        at C:\Users\onkes\Desktop\Atlas\atlas-v2-m9\e2e\m6-cockpit.spec.ts:93:3

    Error: Failed query: delete from "tickets" where "tickets"."id" in ($1, $2)
    params: 4f3fb81c-df77-483a-be87-48c555b51305,23a523aa-1be5-4c66-9723-8473fc874847

      76 |   if (e2eRuns.length) await db.delete(runs).where(inArray(runs.id, e2eRuns.map((r) => r.id)));
      77 |   if (e2eTickets.length) {
    > 78 |     await db.delete(tickets).where(inArray(tickets.id, e2eTickets.map((t) => t.id)));
         |     ^
      79 |   }
      80 |   const e2eMembers = await db
      81 |     .select({ userId: memberships.userId })
        at NeonHttpPreparedQuery.queryWithCache (C:\Users\onkes\Desktop\Atlas\atlas-v2-m9\node_modules\.pnpm\drizzle-orm@0.45.2_@neondatabase+serverless@1.1.0_kysely@0.28.17\node_modules\src\pg-core\session.ts:73:11)
        at cleanupE2ERows (C:\Users\onkes\Desktop\Atlas\atlas-v2-m9\e2e\m6-cockpit.spec.ts:78:5)
        at C:\Users\onkes\Desktop\Atlas\atlas-v2-m9\e2e\m6-cockpit.spec.ts:97:3
    [cause]: NeonDbError: update or delete on table "tickets" violates foreign key constraint "runs_ticket_id_tickets_id_fk" on table "runs"
        at mr.execute (C:\Users\onkes\Desktop\Atlas\atlas-v2-m9\node_modules\.pnpm\@neondatabase+serverless@1.1.0\node_modules\@neondatabase\serverless\index.js:1300:10)
        at NeonHttpPreparedQuery.queryWithCache (C:\Users\onkes\Desktop\Atlas\atlas-v2-m9\node_modules\.pnpm\drizzle-orm@0.45.2_@neondatabase+serverless@1.1.0_kysely@0.28.17\node_modules\src\pg-core\session.ts:71:12)
        at cleanupE2ERows (C:\Users\onkes\Desktop\Atlas\atlas-v2-m9\e2e\m6-cockpit.spec.ts:78:5)
        at C:\Users\onkes\Desktop\Atlas\atlas-v2-m9\e2e\m6-cockpit.spec.ts:97:3

    Error Context: test-results\m6-cockpit-M6-—-shell-Toda-bd735-ands-on-a-fully-real-Today-\error-context.md

    Error Context: test-results\m6-cockpit-M6-—-shell-Toda-bd735-ands-on-a-fully-real-Today-\error-context.md

  2) e2e\m9-engine.spec.ts:202:7 › M9 — the cockpit is true › THE LOOP: dispatch → Brief drafted by a Helper Run → stdout streams → needs-input answered from Today (no reload) → review-ready 

    Error: [2mexpect([22m[31mlocator[39m[2m).[22mtoBeVisible[2m([22m[2m)[22m failed

    Locator: getByText('Which environment should the export hit?')
    Expected: visible
    Timeout: 10000ms
    Error: element(s) not found

    Call log:
    [2m  - Expect "toBeVisible" with timeout 10000ms[22m
    [2m  - waiting for getByText('Which environment should the export hit?')[22m


      287 |       }
      288 |     }
    > 289 |     await expect(today.getByText(LOOP_QUESTION)).toBeVisible({ timeout: 10_000 });
          |                                                  ^
      290 |
      291 |     // stdout is browser-readable through the per-run SSE cursor (PRD #5)
      292 |     const firstFrame = await today.evaluate(
        at C:\Users\onkes\Desktop\Atlas\atlas-v2-m9\e2e\m9-engine.spec.ts:289:50

    Error Context: test-results\m9-engine-M9-—-the-cockpit-dc26e-ay-no-reload-→-review-ready\error-context.md

    Error Context: test-results\m9-engine-M9-—-the-cockpit-dc26e-ay-no-reload-→-review-ready\error-context.md

  2 failed
    e2e\m6-cockpit.spec.ts:103:7 › M6 — shell + Today + inbox over real rows › owner signs up and lands on a fully real Today. 
    e2e\m9-engine.spec.ts:202:7 › M9 — the cockpit is true › THE LOOP: dispatch → Brief drafted by a Helper Run → stdout streams → needs-input answered from Today (no reload) → review-ready 
  4 did not run
  31 passed (3.0m)
 ELIFECYCLE  Command failed with exit code 1.
